CRITICAL - 2022-10-17 04:55:39 --> A non well formed numeric value encountered
in APPPATH\Views\frontend\homepage\common\aside.php on line 98.
 1 [internal function]: CodeIgniter\Debug\Exceptions->errorHandler()
 2 APPPATH\Views\frontend\homepage\common\aside.php(98): number_format()
 3 SYSTEMPATH\View\View.php(213): include('APPPATH\\Views\\frontend\\homepage\\common\\aside.php')
 4 SYSTEMPATH\View\View.php(216): CodeIgniter\View\View->CodeIgniter\View\{closure}()
 5 SYSTEMPATH\Common.php(1142): CodeIgniter\View\View->render()
 6 APPPATH\Views\frontend\article\catalogue\index.php(67): view()
 7 SYSTEMPATH\View\View.php(213): include('APPPATH\\Views\\frontend\\article\\catalogue\\index.php')
 8 SYSTEMPATH\View\View.php(216): CodeIgniter\View\View->CodeIgniter\View\{closure}()
 9 SYSTEMPATH\Common.php(1142): CodeIgniter\View\View->render()
10 APPPATH\Views\frontend\homepage\layout\home.php(74): view()
11 SYSTEMPATH\View\View.php(213): include('APPPATH\\Views\\frontend\\homepage\\layout\\home.php')
12 SYSTEMPATH\View\View.php(216): CodeIgniter\View\View->CodeIgniter\View\{closure}()
13 SYSTEMPATH\Common.php(1142): CodeIgniter\View\View->render()
14 APPPATH\Controllers\Frontend\Article\Catalogue.php(196): view()
15 SYSTEMPATH\View\Cell.php(129): App\Controllers\Frontend\Article\Catalogue->index()
16 SYSTEMPATH\Common.php(1158): CodeIgniter\View\Cell->render()
17 APPPATH\Controllers\Frontend\Homepage\Router.php(59): view_cell()
18 SYSTEMPATH\CodeIgniter.php(904): App\Controllers\Frontend\Homepage\Router->index()
19 SYSTEMPATH\CodeIgniter.php(457): CodeIgniter\CodeIgniter->runController()
20 SYSTEMPATH\CodeIgniter.php(340): CodeIgniter\CodeIgniter->handleRequest()
21 FCPATH\index.php(67): CodeIgniter\CodeIgniter->run()
