CRITICAL - 2022-10-19 09:02:26 --> Undefined index: id
in APPPATH\Controllers\Frontend\Booking\Booking.php on line 23.
 1 APPPATH\Controllers\Frontend\Booking\Booking.php(23): CodeIgniter\Debug\Exceptions->errorHandler()
 2 SYSTEMPATH\CodeIgniter.php(904): App\Controllers\Frontend\Booking\Booking->index()
 3 SYSTEMPATH\CodeIgniter.php(457): CodeIgniter\CodeIgniter->runController()
 4 SYSTEMPATH\CodeIgniter.php(340): CodeIgniter\CodeIgniter->handleRequest()
 5 FCPATH\index.php(67): CodeIgniter\CodeIgniter->run()
CRITICAL - 2022-10-19 09:02:41 --> Undefined index: id
in APPPATH\Controllers\Frontend\Booking\Booking.php on line 23.
 1 APPPATH\Controllers\Frontend\Booking\Booking.php(23): CodeIgniter\Debug\Exceptions->errorHandler()
 2 SYSTEMPATH\CodeIgniter.php(904): App\Controllers\Frontend\Booking\Booking->index()
 3 SYSTEMPATH\CodeIgniter.php(457): CodeIgniter\CodeIgniter->runController()
 4 SYSTEMPATH\CodeIgniter.php(340): CodeIgniter\CodeIgniter->handleRequest()
 5 FCPATH\index.php(67): CodeIgniter\CodeIgniter->run()
CRITICAL - 2022-10-19 10:07:39 --> Undefined variable: session
in APPPATH\Controllers\Frontend\Booking\Booking.php on line 48.
 1 APPPATH\Controllers\Frontend\Booking\Booking.php(48): CodeIgniter\Debug\Exceptions->errorHandler()
 2 SYSTEMPATH\CodeIgniter.php(904): App\Controllers\Frontend\Booking\Booking->index()
 3 SYSTEMPATH\CodeIgniter.php(457): CodeIgniter\CodeIgniter->runController()
 4 SYSTEMPATH\CodeIgniter.php(340): CodeIgniter\CodeIgniter->handleRequest()
 5 FCPATH\index.php(67): CodeIgniter\CodeIgniter->run()
CRITICAL - 2022-10-19 10:25:37 --> syntax error, unexpected ''where'' (T_CONSTANT_ENCAPSED_STRING), expecting ']'
in APPPATH\Views\frontend\homepage\common\header.php on line 9.
 1 SYSTEMPATH\View\View.php(216): CodeIgniter\View\View->CodeIgniter\View\{closure}()
 2 SYSTEMPATH\Common.php(1142): CodeIgniter\View\View->render()
 3 APPPATH\Views\frontend\homepage\layout\home.php(72): view()
 4 SYSTEMPATH\View\View.php(213): include('APPPATH\\Views\\frontend\\homepage\\layout\\home.php')
 5 SYSTEMPATH\View\View.php(216): CodeIgniter\View\View->CodeIgniter\View\{closure}()
 6 SYSTEMPATH\Common.php(1142): CodeIgniter\View\View->render()
 7 APPPATH\Controllers\Frontend\Booking\Booking.php(62): view()
 8 SYSTEMPATH\CodeIgniter.php(904): App\Controllers\Frontend\Booking\Booking->index()
 9 SYSTEMPATH\CodeIgniter.php(457): CodeIgniter\CodeIgniter->runController()
10 SYSTEMPATH\CodeIgniter.php(340): CodeIgniter\CodeIgniter->handleRequest()
11 FCPATH\index.php(67): CodeIgniter\CodeIgniter->run()
CRITICAL - 2022-10-19 10:25:46 --> Undefined variable: canonical
in APPPATH\Views\frontend\homepage\common\header.php on line 57.
 1 APPPATH\Views\frontend\homepage\common\header.php(57): CodeIgniter\Debug\Exceptions->errorHandler()
 2 SYSTEMPATH\View\View.php(213): include('APPPATH\\Views\\frontend\\homepage\\common\\header.php')
 3 SYSTEMPATH\View\View.php(216): CodeIgniter\View\View->CodeIgniter\View\{closure}()
 4 SYSTEMPATH\Common.php(1142): CodeIgniter\View\View->render()
 5 APPPATH\Views\frontend\homepage\layout\home.php(72): view()
 6 SYSTEMPATH\View\View.php(213): include('APPPATH\\Views\\frontend\\homepage\\layout\\home.php')
 7 SYSTEMPATH\View\View.php(216): CodeIgniter\View\View->CodeIgniter\View\{closure}()
 8 SYSTEMPATH\Common.php(1142): CodeIgniter\View\View->render()
 9 APPPATH\Controllers\Frontend\Booking\Booking.php(62): view()
10 SYSTEMPATH\CodeIgniter.php(904): App\Controllers\Frontend\Booking\Booking->index()
11 SYSTEMPATH\CodeIgniter.php(457): CodeIgniter\CodeIgniter->runController()
12 SYSTEMPATH\CodeIgniter.php(340): CodeIgniter\CodeIgniter->handleRequest()
13 FCPATH\index.php(67): CodeIgniter\CodeIgniter->run()
CRITICAL - 2022-10-19 10:25:47 --> Undefined variable: canonical
in APPPATH\Views\frontend\homepage\common\header.php on line 57.
 1 APPPATH\Views\frontend\homepage\common\header.php(57): CodeIgniter\Debug\Exceptions->errorHandler()
 2 SYSTEMPATH\View\View.php(213): include('APPPATH\\Views\\frontend\\homepage\\common\\header.php')
 3 SYSTEMPATH\View\View.php(216): CodeIgniter\View\View->CodeIgniter\View\{closure}()
 4 SYSTEMPATH\Common.php(1142): CodeIgniter\View\View->render()
 5 APPPATH\Views\frontend\homepage\layout\home.php(72): view()
 6 SYSTEMPATH\View\View.php(213): include('APPPATH\\Views\\frontend\\homepage\\layout\\home.php')
 7 SYSTEMPATH\View\View.php(216): CodeIgniter\View\View->CodeIgniter\View\{closure}()
 8 SYSTEMPATH\Common.php(1142): CodeIgniter\View\View->render()
 9 APPPATH\Controllers\Frontend\Booking\Booking.php(62): view()
10 SYSTEMPATH\CodeIgniter.php(904): App\Controllers\Frontend\Booking\Booking->index()
11 SYSTEMPATH\CodeIgniter.php(457): CodeIgniter\CodeIgniter->runController()
12 SYSTEMPATH\CodeIgniter.php(340): CodeIgniter\CodeIgniter->handleRequest()
13 FCPATH\index.php(67): CodeIgniter\CodeIgniter->run()
CRITICAL - 2022-10-19 10:27:48 --> Undefined index: booking_service
in APPPATH\Views\frontend\booking\booking\index.php on line 2.
 1 APPPATH\Views\frontend\booking\booking\index.php(2): CodeIgniter\Debug\Exceptions->errorHandler()
 2 SYSTEMPATH\View\View.php(213): include('APPPATH\\Views\\frontend\\booking\\booking\\index.php')
 3 SYSTEMPATH\View\View.php(216): CodeIgniter\View\View->CodeIgniter\View\{closure}()
 4 SYSTEMPATH\Common.php(1142): CodeIgniter\View\View->render()
 5 APPPATH\Views\frontend\homepage\layout\home.php(77): view()
 6 SYSTEMPATH\View\View.php(213): include('APPPATH\\Views\\frontend\\homepage\\layout\\home.php')
 7 SYSTEMPATH\View\View.php(216): CodeIgniter\View\View->CodeIgniter\View\{closure}()
 8 SYSTEMPATH\Common.php(1142): CodeIgniter\View\View->render()
 9 APPPATH\Controllers\Frontend\Booking\Booking.php(63): view()
10 SYSTEMPATH\CodeIgniter.php(904): App\Controllers\Frontend\Booking\Booking->index()
11 SYSTEMPATH\CodeIgniter.php(457): CodeIgniter\CodeIgniter->runController()
12 SYSTEMPATH\CodeIgniter.php(340): CodeIgniter\CodeIgniter->handleRequest()
13 FCPATH\index.php(67): CodeIgniter\CodeIgniter->run()
