CRITICAL - 2022-10-18 08:59:13 --> Duplicate entry '2' for key 'PRIMARY'
in SYSTEMPATH\Database\MySQLi\Connection.php on line 292.
 1 SYSTEMPATH\Database\MySQLi\Connection.php(292): mysqli->query()
 2 SYSTEMPATH\Database\BaseConnection.php(693): CodeIgniter\Database\MySQLi\Connection->execute()
 3 SYSTEMPATH\Database\BaseConnection.php(620): CodeIgniter\Database\BaseConnection->simpleQuery()
 4 SYSTEMPATH\Database\BaseBuilder.php(1916): CodeIgniter\Database\BaseConnection->query()
 5 APPPATH\Models\AutoloadModel.php(90): CodeIgniter\Database\BaseBuilder->insert()
 6 APPPATH\Controllers\Ajax\Frontend\Auth.php(241): App\Models\AutoloadModel->_insert()
 7 SYSTEMPATH\CodeIgniter.php(904): App\Controllers\Ajax\Frontend\Auth->signup()
 8 SYSTEMPATH\CodeIgniter.php(457): CodeIgniter\CodeIgniter->runController()
 9 SYSTEMPATH\CodeIgniter.php(340): CodeIgniter\CodeIgniter->handleRequest()
10 FCPATH\index.php(67): CodeIgniter\CodeIgniter->run()
CRITICAL - 2022-10-18 08:59:26 --> Duplicate entry '2' for key 'PRIMARY'
in SYSTEMPATH\Database\MySQLi\Connection.php on line 292.
 1 SYSTEMPATH\Database\MySQLi\Connection.php(292): mysqli->query()
 2 SYSTEMPATH\Database\BaseConnection.php(693): CodeIgniter\Database\MySQLi\Connection->execute()
 3 SYSTEMPATH\Database\BaseConnection.php(620): CodeIgniter\Database\BaseConnection->simpleQuery()
 4 SYSTEMPATH\Database\BaseBuilder.php(1916): CodeIgniter\Database\BaseConnection->query()
 5 APPPATH\Models\AutoloadModel.php(90): CodeIgniter\Database\BaseBuilder->insert()
 6 APPPATH\Controllers\Ajax\Frontend\Auth.php(241): App\Models\AutoloadModel->_insert()
 7 SYSTEMPATH\CodeIgniter.php(904): App\Controllers\Ajax\Frontend\Auth->signup()
 8 SYSTEMPATH\CodeIgniter.php(457): CodeIgniter\CodeIgniter->runController()
 9 SYSTEMPATH\CodeIgniter.php(340): CodeIgniter\CodeIgniter->handleRequest()
10 FCPATH\index.php(67): CodeIgniter\CodeIgniter->run()
CRITICAL - 2022-10-18 09:02:07 --> Duplicate entry '2' for key 'PRIMARY'
in SYSTEMPATH\Database\MySQLi\Connection.php on line 292.
 1 SYSTEMPATH\Database\MySQLi\Connection.php(292): mysqli->query()
 2 SYSTEMPATH\Database\BaseConnection.php(693): CodeIgniter\Database\MySQLi\Connection->execute()
 3 SYSTEMPATH\Database\BaseConnection.php(620): CodeIgniter\Database\BaseConnection->simpleQuery()
 4 SYSTEMPATH\Database\BaseBuilder.php(1916): CodeIgniter\Database\BaseConnection->query()
 5 APPPATH\Models\AutoloadModel.php(90): CodeIgniter\Database\BaseBuilder->insert()
 6 APPPATH\Controllers\Ajax\Frontend\Auth.php(242): App\Models\AutoloadModel->_insert()
 7 SYSTEMPATH\CodeIgniter.php(904): App\Controllers\Ajax\Frontend\Auth->signup()
 8 SYSTEMPATH\CodeIgniter.php(457): CodeIgniter\CodeIgniter->runController()
 9 SYSTEMPATH\CodeIgniter.php(340): CodeIgniter\CodeIgniter->handleRequest()
10 FCPATH\index.php(67): CodeIgniter\CodeIgniter->run()
CRITICAL - 2022-10-18 10:51:37 --> Invalid file: {0}
in SYSTEMPATH\Exceptions\FrameworkException.php on line 33.
 1 SYSTEMPATH\View\View.php(201): CodeIgniter\Exceptions\FrameworkException::forInvalidFile()
 2 SYSTEMPATH\Common.php(1142): CodeIgniter\View\View->render()
 3 APPPATH\Views\frontend\homepage\layout\home.php(77): view()
 4 SYSTEMPATH\View\View.php(213): include('APPPATH\\Views\\frontend\\homepage\\layout\\home.php')
 5 SYSTEMPATH\View\View.php(216): CodeIgniter\View\View->CodeIgniter\View\{closure}()
 6 SYSTEMPATH\Common.php(1142): CodeIgniter\View\View->render()
 7 APPPATH\Controllers\Frontend\Booking\Booking.php(19): view()
 8 SYSTEMPATH\CodeIgniter.php(904): App\Controllers\Frontend\Booking\Booking->index()
 9 SYSTEMPATH\CodeIgniter.php(457): CodeIgniter\CodeIgniter->runController()
10 SYSTEMPATH\CodeIgniter.php(340): CodeIgniter\CodeIgniter->handleRequest()
11 FCPATH\index.php(67): CodeIgniter\CodeIgniter->run()
CRITICAL - 2022-10-18 10:51:53 --> Invalid file: {0}
in SYSTEMPATH\Exceptions\FrameworkException.php on line 33.
 1 SYSTEMPATH\View\View.php(201): CodeIgniter\Exceptions\FrameworkException::forInvalidFile()
 2 SYSTEMPATH\Common.php(1142): CodeIgniter\View\View->render()
 3 APPPATH\Views\frontend\homepage\layout\home.php(77): view()
 4 SYSTEMPATH\View\View.php(213): include('APPPATH\\Views\\frontend\\homepage\\layout\\home.php')
 5 SYSTEMPATH\View\View.php(216): CodeIgniter\View\View->CodeIgniter\View\{closure}()
 6 SYSTEMPATH\Common.php(1142): CodeIgniter\View\View->render()
 7 APPPATH\Controllers\Frontend\Booking\Booking.php(19): view()
 8 SYSTEMPATH\CodeIgniter.php(904): App\Controllers\Frontend\Booking\Booking->index()
 9 SYSTEMPATH\CodeIgniter.php(457): CodeIgniter\CodeIgniter->runController()
10 SYSTEMPATH\CodeIgniter.php(340): CodeIgniter\CodeIgniter->handleRequest()
11 FCPATH\index.php(67): CodeIgniter\CodeIgniter->run()
